2026-04-17T00:03:49.760+05:30  INFO 13824 --- [Fraud-Management] [AsyncResolver-bootstrap-executor-%d] c.n.d.s.r.aws.ConfigClusterResolver      : Resolving eureka endpoints via configuration
2026-04-17T00:08:49.838+05:30  INFO 13824 --- [Fraud-Management] [AsyncResolver-bootstrap-executor-%d] c.n.d.s.r.aws.ConfigClusterResolver      : Resolving eureka endpoints via configuration
2026-04-17T00:13:49.852+05:30  INFO 13824 --- [Fraud-Management] [AsyncResolver-bootstrap-executor-%d] c.n.d.s.r.aws.ConfigClusterResolver      : Resolving eureka endpoints via configuration
2026-04-17T00:18:49.874+05:30  INFO 13824 --- [Fraud-Management] [AsyncResolver-bootstrap-executor-%d] c.n.d.s.r.aws.ConfigClusterResolver      : Resolving eureka endpoints via configuration
2026-04-17T00:23:49.886+05:30  INFO 13824 --- [Fraud-Management] [AsyncResolver-bootstrap-executor-%d] c.n.d.s.r.aws.ConfigClusterResolver      : Resolving eureka endpoints via configuration
2026-04-17T00:28:49.898+05:30  INFO 13824 --- [Fraud-Management] [AsyncResolver-bootstrap-executor-%d] c.n.d.s.r.aws.ConfigClusterResolver      : Resolving eureka endpoints via configuration
2026-04-17T00:30:46.961+05:30  INFO 13824 --- [Fraud-Management] [http-nio-8082-exec-1] o.a.c.c.C.[Tomcat].[localhost].[/]       : Initializing Spring DispatcherServlet 'dispatcherServlet'
2026-04-17T00:30:46.970+05:30  INFO 13824 --- [Fraud-Management] [http-nio-8082-exec-1] o.s.web.servlet.DispatcherServlet        : Initializing Servlet 'dispatcherServlet'
2026-04-17T00:30:47.073+05:30  INFO 13824 --- [Fraud-Management] [http-nio-8082-exec-1] o.s.web.servlet.DispatcherServlet        : Completed initialization in 103 ms
2026-04-17T00:31:06.337+05:30  INFO 13824 --- [Fraud-Management] [SpringApplicationShutdownHook] o.s.c.n.e.s.EurekaServiceRegistry        : Unregistering application FRAUD-MANAGEMENT with eureka with status DOWN
2026-04-17T00:31:06.371+05:30  INFO 13824 --- [Fraud-Management] [SpringApplicationShutdownHook] com.netflix.discovery.DiscoveryClient    : Saw local status change event StatusChangeEvent [timestamp=1776366066369, current=DOWN, previous=UP]
2026-04-17T00:31:06.382+05:30  INFO 13824 --- [Fraud-Management] [DiscoveryClient-InstanceInfoReplicator-%d] com.netflix.discovery.DiscoveryClient    : DiscoveryClient_FRAUD-MANAGEMENT/192.168.1.9:Fraud-Management:8082: registering service...
2026-04-17T00:31:06.546+05:30  INFO 13824 --- [Fraud-Management] [SpringApplicationShutdownHook] o.s.b.w.e.tomcat.GracefulShutdown        : Commencing graceful shutdown. Waiting for active requests to complete
2026-04-17T00:31:06.686+05:30  INFO 13824 --- [Fraud-Management] [DiscoveryClient-InstanceInfoReplicator-%d] com.netflix.discovery.DiscoveryClient    : DiscoveryClient_FRAUD-MANAGEMENT/192.168.1.9:Fraud-Management:8082 - registration status: 204
2026-04-17T00:31:08.769+05:30  INFO 13824 --- [Fraud-Management] [tomcat-shutdown] o.s.b.w.e.tomcat.GracefulShutdown        : Graceful shutdown complete
2026-04-17T00:31:09.062+05:30  INFO 13824 --- [Fraud-Management] [SpringApplicationShutdownHook] j.LocalContainerEntityManagerFactoryBean : Closing JPA EntityManagerFactory for persistence unit 'default'
2026-04-17T00:31:09.119+05:30  INFO 13824 --- [Fraud-Management] [SpringApplicationShutdownHook] com.zaxxer.hikari.HikariDataSource       : HikariPool-1 - Shutdown initiated...
2026-04-17T00:31:09.136+05:30  INFO 13824 --- [Fraud-Management] [SpringApplicationShutdownHook] com.zaxxer.hikari.HikariDataSource       : HikariPool-1 - Shutdown completed.
2026-04-17T00:31:09.143+05:30  INFO 13824 --- [Fraud-Management] [SpringApplicationShutdownHook] com.netflix.discovery.DiscoveryClient    : Shutting down DiscoveryClient ...
2026-04-17T00:31:12.211+05:30  INFO 13824 --- [Fraud-Management] [SpringApplicationShutdownHook] com.netflix.discovery.DiscoveryClient    : Unregistering ...
2026-04-17T00:31:12.542+05:30  INFO 13824 --- [Fraud-Management] [SpringApplicationShutdownHook] com.netflix.discovery.DiscoveryClient    : DiscoveryClient_FRAUD-MANAGEMENT/192.168.1.9:Fraud-Management:8082 - deregister  status: 200
2026-04-17T00:31:12.544+05:30  INFO 13824 --- [Fraud-Management] [SpringApplicationShutdownHook] com.netflix.discovery.DiscoveryClient    : Completed shut down of DiscoveryClient
